<?xml version="1.0" encoding="UTF-8"?>
<testsuite xmlns:xsi="http://www.w3.org/2001/XMLSchema-instance" xsi:noNamespaceSchemaLocation="https://maven.apache.org/surefire/maven-surefire-plugin/xsd/surefire-test-report.xsd" name="com.quantcast.AppTest" time="0.164" tests="8" errors="0" skipped="0" failures="0">
  <properties>
    <property name="java.specification.version" value="17"/>
    <property name="sun.cpu.isalist" value="amd64"/>
    <property name="sun.jnu.encoding" value="Cp1252"/>
    <property name="java.class.path" value="C:\Users\Mahir Zukic\javaProjects\QuantcastCodingTask\target\test-classes;C:\Users\Mahir Zukic\javaProjects\QuantcastCodingTask\target\classes;C:\Users\Mahir Zukic\.m2\repository\junit\junit\4.11\junit-4.11.jar;C:\Users\Mahir Zukic\.m2\repository\org\hamcrest\hamcrest-core\1.3\hamcrest-core-1.3.jar;C:\Users\Mahir Zukic\.m2\repository\commons-cli\commons-cli\1.5.0\commons-cli-1.5.0.jar;"/>
    <property name="java.vm.vendor" value="Amazon.com Inc."/>
    <property name="sun.arch.data.model" value="64"/>
    <property name="user.variant" value=""/>
    <property name="java.vendor.url" value="https://aws.amazon.com/corretto/"/>
    <property name="user.timezone" value="Europe/Berlin"/>
    <property name="os.name" value="Windows 10"/>
    <property name="java.vm.specification.version" value="17"/>
    <property name="sun.java.launcher" value="SUN_STANDARD"/>
    <property name="user.country" value="US"/>
    <property name="sun.boot.library.path" value="C:\Users\Mahir Zukic\.jdks\corretto-17\bin"/>
    <property name="sun.java.command" value="C:\TEMP\surefire7045598448042256319\surefirebooter14404999457597402763.jar C:\TEMP\surefire7045598448042256319 2022-02-22T15-20-36_864-jvmRun1 surefire4233854685821845725tmp surefire_0281675136714691401tmp"/>
    <property name="jdk.debug" value="release"/>
    <property name="surefire.test.class.path" value="C:\Users\Mahir Zukic\javaProjects\QuantcastCodingTask\target\test-classes;C:\Users\Mahir Zukic\javaProjects\QuantcastCodingTask\target\classes;C:\Users\Mahir Zukic\.m2\repository\junit\junit\4.11\junit-4.11.jar;C:\Users\Mahir Zukic\.m2\repository\org\hamcrest\hamcrest-core\1.3\hamcrest-core-1.3.jar;C:\Users\Mahir Zukic\.m2\repository\commons-cli\commons-cli\1.5.0\commons-cli-1.5.0.jar;"/>
    <property name="sun.cpu.endian" value="little"/>
    <property name="user.home" value="C:\Users\Mahir Zukic"/>
    <property name="user.language" value="en"/>
    <property name="java.specification.vendor" value="Oracle Corporation"/>
    <property name="java.version.date" value="2021-09-14"/>
    <property name="java.home" value="C:\Users\Mahir Zukic\.jdks\corretto-17"/>
    <property name="file.separator" value="\"/>
    <property name="basedir" value="C:\Users\Mahir Zukic\javaProjects\QuantcastCodingTask"/>
    <property name="java.vm.compressedOopsMode" value="Zero based"/>
    <property name="line.separator" value="&#10;"/>
    <property name="java.vm.specification.vendor" value="Oracle Corporation"/>
    <property name="java.specification.name" value="Java Platform API Specification"/>
    <property name="surefire.real.class.path" value="C:\TEMP\surefire7045598448042256319\surefirebooter14404999457597402763.jar"/>
    <property name="user.script" value=""/>
    <property name="sun.management.compiler" value="HotSpot 64-Bit Tiered Compilers"/>
    <property name="java.runtime.version" value="17+35-LTS"/>
    <property name="user.name" value="Mahir Zukic"/>
    <property name="path.separator" value=";"/>
    <property name="os.version" value="10.0"/>
    <property name="java.runtime.name" value="OpenJDK Runtime Environment"/>
    <property name="file.encoding" value="Cp1252"/>
    <property name="java.vm.name" value="OpenJDK 64-Bit Server VM"/>
    <property name="java.vendor.version" value="Corretto-17.0.0.35.1"/>
    <property name="localRepository" value="C:\Users\Mahir Zukic\.m2\repository"/>
    <property name="java.vendor.url.bug" value="https://github.com/corretto/corretto-17/issues/"/>
    <property name="java.io.tmpdir" value="C:\TEMP\"/>
    <property name="idea.version" value="2021.2.1"/>
    <property name="java.version" value="17"/>
    <property name="user.dir" value="C:\Users\Mahir Zukic\javaProjects\QuantcastCodingTask"/>
    <property name="os.arch" value="amd64"/>
    <property name="java.vm.specification.name" value="Java Virtual Machine Specification"/>
    <property name="sun.os.patch.level" value=""/>
    <property name="native.encoding" value="Cp1252"/>
    <property name="java.library.path" value="C:\Users\Mahir Zukic\.jdks\corretto-17\bin;C:\windows\Sun\Java\bin;C:\windows\system32;C:\windows;C:\Program Files\Zulu\zulu-15\bin\;C:\windows\system32;C:\windows;C:\windows\System32\Wbem;C:\windows\System32\WindowsPowerShell\v1.0\;c:\Program Files (x86)\Microsoft SQL Server\100\Tools\Binn\;c:\Program Files (x86)\Microsoft SQL Server\100\DTS\Binn\;C:\Program Files (x86)\WinMerge;C:\windows\System32\OpenSSH\;C:\Program Files\MATLAB\R2020a\runtime\win64;C:\Program Files\MATLAB\R2020a\bin;C:\Program Files\MATLAB\R2018a\bin;C:\Program Files\nodejs\;C:\Program Files\dotnet\;C:\Program Files\Microsoft SQL Server\130\Tools\Binn\;C:\Program Files\Microsoft SQL Server\Client SDK\ODBC\170\Tools\Binn\;C:\Users\Mahir Zukic\Downloads\ADB_tools;C:\Program Files\Git\cmd;C:\Program Files\PowerShell\7\;C:\Program Files (x86)\AOMEI\AOMEI Backupper\6.5.1;C:\Program Files (x86)\Common Files\Acronis\VirtualFile\;C:\Program Files (x86)\Common Files\Acronis\VirtualFile64\;C:\Program Files (x86)\Common Files\Acronis\FileProtector\;C:\Program Files (x86)\Common Files\Acronis\FileProtector64\;C:\Program Files (x86)\Common Files\Acronis\SnapAPI\;C:\Users\Mahir Zukic\AppData\Local\Programs\Python\Python38\Scripts\;C:\Users\Mahir Zukic\AppData\Local\Programs\Python\Python38\;C:\Users\Mahir Zukic\AppData\Local\Microsoft\WindowsApps;C:\Users\Mahir Zukic\AppData\Roaming\npm;C:\Users\Mahir Zukic\.dotnet\tools;."/>
    <property name="java.vm.info" value="mixed mode, sharing"/>
    <property name="java.vendor" value="Amazon.com Inc."/>
    <property name="java.vm.version" value="17+35-LTS"/>
    <property name="sun.io.unicode.encoding" value="UnicodeLittle"/>
    <property name="java.class.version" value="61.0"/>
  </properties>
  <testcase name="runWithGoodDataFirstDateShouldReturnOneResult" classname="com.quantcast.AppTest" time="0.051"/>
  <testcase name="runWithBadDateShouldThrowException" classname="com.quantcast.AppTest" time="0.019"/>
  <testcase name="runWithNonExistingFileShouldThrowException" classname="com.quantcast.AppTest" time="0.027"/>
  <testcase name="runWithNoParametersShouldThrowException" classname="com.quantcast.AppTest" time="0.012"/>
  <testcase name="runWithInsufficientParametersShouldThrowException" classname="com.quantcast.AppTest" time="0.01"/>
  <testcase name="runWithGoodDataThirdDateShouldReturnZeroResults" classname="com.quantcast.AppTest" time="0.001"/>
  <testcase name="runWithGoodDataSecondDateShouldReturnThreeResults" classname="com.quantcast.AppTest" time="0.001"/>
  <testcase name="runWithEmptyFileShouldReturnZeroResults" classname="com.quantcast.AppTest" time="0.001"/>
</testsuite>